[14:21:00] [Server thread/INFO]: Starting minecraft server version 1.15.2
[14:21:00] [Server thread/INFO]: Loading properties
[14:21:01] [Server thread/INFO]: This server is running CraftBukkit version git-Spigot-ae72bf4-183139d (MC: 1.15.2) (Implementing API version 1.15.2-R0.1-SNAPSHOT)
[14:21:02] [Server thread/INFO]: Debug logging is disabled
[14:21:02] [Server thread/INFO]: Server Ping Player Sample Count: 12
[14:21:02] [Server thread/INFO]: Using 4 threads for Netty based IO
[14:21:02] [Server thread/INFO]: Default game type: SURVIVAL
[14:21:02] [Server thread/INFO]: Generating keypair
[14:21:02] [Server thread/INFO]: Starting Minecraft server on *:25565
[14:21:02] [Server thread/INFO]: Using default channel type
[14:21:04] [Server thread/INFO]: Preparing level "world"
[14:21:04] [Server thread/INFO]: Reloading ResourceManager: Default, bukkit
[14:21:05] [Server thread/INFO]: Loaded 6 recipes
[14:21:07] [Server thread/INFO]: -------- World Settings For [world] --------
[14:21:07] [Server thread/INFO]: View Distance: 10
[14:21:07] [Server thread/INFO]: Nerfing mobs spawned from spawners: false
[14:21:07] [Server thread/INFO]: Arrow Despawn Rate: 1200 Trident Respawn Rate:1200
[14:21:07] [Server thread/INFO]: Allow Zombie Pigmen to spawn from portal blocks: true
[14:21:07] [Server thread/INFO]: Item Merge Radius: 2.5
[14:21:07] [Server thread/INFO]: Item Despawn Rate: 6000
[14:21:07] [Server thread/INFO]: Experience Merge Radius: 3.0
[14:21:07] [Server thread/INFO]: Entity Activation Range: An 32 / Mo 32 / Ra 48 / Mi 16 / Tiv true
[14:21:07] [Server thread/INFO]: Hopper Transfer: 8 Hopper Check: 1 Hopper Amount: 1
[14:21:07] [Server thread/INFO]: Cactus Growth Modifier: 100%
[14:21:07] [Server thread/INFO]: Cane Growth Modifier: 100%
[14:21:07] [Server thread/INFO]: Melon Growth Modifier: 100%
[14:21:07] [Server thread/INFO]: Mushroom Growth Modifier: 100%
[14:21:07] [Server thread/INFO]: Pumpkin Growth Modifier: 100%
[14:21:07] [Server thread/INFO]: Sapling Growth Modifier: 100%
[14:21:07] [Server thread/INFO]: Beetroot Growth Modifier: 100%
[14:21:07] [Server thread/INFO]: Carrot Growth Modifier: 100%
[14:21:07] [Server thread/INFO]: Potato Growth Modifier: 100%
[14:21:07] [Server thread/INFO]: Wheat Growth Modifier: 100%
[14:21:07] [Server thread/INFO]: NetherWart Growth Modifier: 100%
[14:21:07] [Server thread/INFO]: Vine Growth Modifier: 100%
[14:21:07] [Server thread/INFO]: Cocoa Growth Modifier: 100%
[14:21:07] [Server thread/INFO]: Bamboo Growth Modifier: 100%
[14:21:07] [Server thread/INFO]: SweetBerry Growth Modifier: 100%
[14:21:07] [Server thread/INFO]: Kelp Growth Modifier: 100%
[14:21:07] [Server thread/INFO]: Mob Spawn Range: 6
[14:21:07] [Server thread/INFO]: Entity Tracking Range: Pl 48 / An 48 / Mo 48 / Mi 32 / Other 64
[14:21:07] [Server thread/INFO]: Max TNT Explosions: 100
[14:21:07] [Server thread/INFO]: Tile Max Tick Time: 50ms Entity max Tick Time: 50ms
[14:21:07] [Server thread/INFO]: Zombie Aggressive Towards Villager: true
[14:21:07] [Server thread/INFO]: Custom Map Seeds:  Village: 10387312 Desert: 14357617 Igloo: 14357618 Jungle: 14357619 Swamp: 14357620 Monument: 10387313 Ocean: 14357621 Shipwreck: 165745295 End City: 10387313 Slime: 987234911
[14:21:07] [Server thread/INFO]: -------- World Settings For [world_nether] --------
[14:21:07] [Server thread/INFO]: View Distance: 10
[14:21:07] [Server thread/INFO]: Nerfing mobs spawned from spawners: false
[14:21:07] [Server thread/INFO]: Arrow Despawn Rate: 1200 Trident Respawn Rate:1200
[14:21:07] [Server thread/INFO]: Allow Zombie Pigmen to spawn from portal blocks: true
[14:21:07] [Server thread/INFO]: Item Merge Radius: 2.5
[14:21:07] [Server thread/INFO]: Item Despawn Rate: 6000
[14:21:07] [Server thread/INFO]: Experience Merge Radius: 3.0
[14:21:07] [Server thread/INFO]: Entity Activation Range: An 32 / Mo 32 / Ra 48 / Mi 16 / Tiv true
[14:21:07] [Server thread/INFO]: Hopper Transfer: 8 Hopper Check: 1 Hopper Amount: 1
[14:21:07] [Server thread/INFO]: Cactus Growth Modifier: 100%
[14:21:07] [Server thread/INFO]: Cane Growth Modifier: 100%
[14:21:07] [Server thread/INFO]: Melon Growth Modifier: 100%
[14:21:07] [Server thread/INFO]: Mushroom Growth Modifier: 100%
[14:21:07] [Server thread/INFO]: Pumpkin Growth Modifier: 100%
[14:21:07] [Server thread/INFO]: Sapling Growth Modifier: 100%
[14:21:07] [Server thread/INFO]: Beetroot Growth Modifier: 100%
[14:21:07] [Server thread/INFO]: Carrot Growth Modifier: 100%
[14:21:07] [Server thread/INFO]: Potato Growth Modifier: 100%
[14:21:08] [Server thread/INFO]: Wheat Growth Modifier: 100%
[14:21:08] [Server thread/INFO]: NetherWart Growth Modifier: 100%
[14:21:08] [Server thread/INFO]: Vine Growth Modifier: 100%
[14:21:08] [Server thread/INFO]: Cocoa Growth Modifier: 100%
[14:21:08] [Server thread/INFO]: Bamboo Growth Modifier: 100%
[14:21:08] [Server thread/INFO]: SweetBerry Growth Modifier: 100%
[14:21:08] [Server thread/INFO]: Kelp Growth Modifier: 100%
[14:21:08] [Server thread/INFO]: Mob Spawn Range: 6
[14:21:08] [Server thread/INFO]: Entity Tracking Range: Pl 48 / An 48 / Mo 48 / Mi 32 / Other 64
[14:21:08] [Server thread/INFO]: Max TNT Explosions: 100
[14:21:08] [Server thread/INFO]: Tile Max Tick Time: 50ms Entity max Tick Time: 50ms
[14:21:08] [Server thread/INFO]: Zombie Aggressive Towards Villager: true
[14:21:08] [Server thread/INFO]: Custom Map Seeds:  Village: 10387312 Desert: 14357617 Igloo: 14357618 Jungle: 14357619 Swamp: 14357620 Monument: 10387313 Ocean: 14357621 Shipwreck: 165745295 End City: 10387313 Slime: 987234911
[14:21:08] [Server thread/INFO]: -------- World Settings For [world_the_end] --------
[14:21:08] [Server thread/INFO]: View Distance: 10
[14:21:08] [Server thread/INFO]: Nerfing mobs spawned from spawners: false
[14:21:08] [Server thread/INFO]: Arrow Despawn Rate: 1200 Trident Respawn Rate:1200
[14:21:08] [Server thread/INFO]: Allow Zombie Pigmen to spawn from portal blocks: true
[14:21:08] [Server thread/INFO]: Item Merge Radius: 2.5
[14:21:08] [Server thread/INFO]: Item Despawn Rate: 6000
[14:21:08] [Server thread/INFO]: Experience Merge Radius: 3.0
[14:21:08] [Server thread/INFO]: Entity Activation Range: An 32 / Mo 32 / Ra 48 / Mi 16 / Tiv true
[14:21:08] [Server thread/INFO]: Hopper Transfer: 8 Hopper Check: 1 Hopper Amount: 1
[14:21:08] [Server thread/INFO]: Cactus Growth Modifier: 100%
[14:21:08] [Server thread/INFO]: Cane Growth Modifier: 100%
[14:21:08] [Server thread/INFO]: Melon Growth Modifier: 100%
[14:21:08] [Server thread/INFO]: Mushroom Growth Modifier: 100%
[14:21:08] [Server thread/INFO]: Pumpkin Growth Modifier: 100%
[14:21:08] [Server thread/INFO]: Sapling Growth Modifier: 100%
[14:21:08] [Server thread/INFO]: Beetroot Growth Modifier: 100%
[14:21:08] [Server thread/INFO]: Carrot Growth Modifier: 100%
[14:21:08] [Server thread/INFO]: Potato Growth Modifier: 100%
[14:21:08] [Server thread/INFO]: Wheat Growth Modifier: 100%
[14:21:08] [Server thread/INFO]: NetherWart Growth Modifier: 100%
[14:21:08] [Server thread/INFO]: Vine Growth Modifier: 100%
[14:21:08] [Server thread/INFO]: Cocoa Growth Modifier: 100%
[14:21:08] [Server thread/INFO]: Bamboo Growth Modifier: 100%
[14:21:08] [Server thread/INFO]: SweetBerry Growth Modifier: 100%
[14:21:08] [Server thread/INFO]: Kelp Growth Modifier: 100%
[14:21:08] [Server thread/INFO]: Mob Spawn Range: 6
[14:21:08] [Server thread/INFO]: Entity Tracking Range: Pl 48 / An 48 / Mo 48 / Mi 32 / Other 64
[14:21:08] [Server thread/INFO]: Max TNT Explosions: 100
[14:21:08] [Server thread/INFO]: Tile Max Tick Time: 50ms Entity max Tick Time: 50ms
[14:21:08] [Server thread/INFO]: Zombie Aggressive Towards Villager: true
[14:21:08] [Server thread/INFO]: Custom Map Seeds:  Village: 10387312 Desert: 14357617 Igloo: 14357618 Jungle: 14357619 Swamp: 14357620 Monument: 10387313 Ocean: 14357621 Shipwreck: 165745295 End City: 10387313 Slime: 987234911
[14:21:08] [Server thread/INFO]: Preparing start region for dimension 'world'/minecraft:overworld
[14:21:09] [Server thread/INFO]: Preparing spawn area: 0%
[14:21:09] [Server thread/INFO]: Preparing spawn area: 0%
[14:21:09] [Server thread/INFO]: Preparing spawn area: 0%
[14:21:09] [Server thread/INFO]: Preparing spawn area: 0%
[14:21:18] [Server-Worker-3/INFO]: Preparing spawn area: 0%
[14:21:18] [Server-Worker-3/INFO]: Preparing spawn area: 0%
[14:21:18] [Server-Worker-3/INFO]: Preparing spawn area: 0%
[14:21:18] [Server-Worker-3/INFO]: Preparing spawn area: 0%
[14:21:18] [Server-Worker-2/INFO]: Preparing spawn area: 0%
[14:21:18] [Server-Worker-3/INFO]: Preparing spawn area: 0%
[14:21:18] [Server-Worker-3/INFO]: Preparing spawn area: 0%
[14:21:18] [Server-Worker-3/INFO]: Preparing spawn area: 0%
[14:21:18] [Server-Worker-3/INFO]: Preparing spawn area: 0%
[14:21:18] [Server-Worker-3/INFO]: Preparing spawn area: 0%
[14:21:18] [Server-Worker-3/INFO]: Preparing spawn area: 0%
[14:21:18] [Server-Worker-3/INFO]: Preparing spawn area: 0%
[14:21:18] [Server-Worker-3/INFO]: Preparing spawn area: 0%
[14:21:18] [Server-Worker-3/INFO]: Preparing spawn area: 0%
[14:21:19] [Server-Worker-1/INFO]: Preparing spawn area: 0%
[14:21:19] [Server-Worker-1/INFO]: Preparing spawn area: 0%
[14:21:19] [Server-Worker-1/INFO]: Preparing spawn area: 0%
[14:21:19] [Server-Worker-1/INFO]: Preparing spawn area: 0%
[14:21:19] [Server thread/INFO]: Preparing spawn area: 17%
[14:21:19] [Server thread/INFO]: Preparing spawn area: 64%
[14:21:22] [Server-Worker-1/INFO]: Preparing spawn area: 83%
[14:21:22] [Server-Worker-2/INFO]: Preparing spawn area: 83%
[14:21:22] [Server-Worker-2/INFO]: Preparing spawn area: 83%
[14:21:22] [Server-Worker-2/INFO]: Preparing spawn area: 83%
[14:21:22] [Server-Worker-3/INFO]: Preparing spawn area: 83%
[14:21:22] [Server-Worker-3/INFO]: Preparing spawn area: 83%
[14:21:23] [Server-Worker-3/INFO]: Preparing spawn area: 83%
[14:21:23] [Server-Worker-1/INFO]: Preparing spawn area: 83%
[14:21:24] [Server-Worker-3/INFO]: Preparing spawn area: 83%
[14:21:24] [Server-Worker-3/INFO]: Preparing spawn area: 85%
[14:21:25] [Server-Worker-1/INFO]: Preparing spawn area: 87%
[14:21:25] [Server-Worker-3/INFO]: Preparing spawn area: 87%
[14:21:26] [Server thread/INFO]: Time elapsed: 17801 ms
[14:21:26] [Server thread/INFO]: Preparing start region for dimension 'world_nether'/minecraft:the_nether
[14:21:27] [Server thread/INFO]: Preparing spawn area: 0%
[14:21:27] [Server thread/INFO]: Preparing spawn area: 0%
[14:21:27] [Server-Worker-1/INFO]: Preparing spawn area: 83%
[14:21:27] [Server-Worker-3/INFO]: Preparing spawn area: 83%
[14:21:28] [Server-Worker-3/INFO]: Preparing spawn area: 83%
[14:21:28] [Server-Worker-3/INFO]: Preparing spawn area: 86%
[14:21:28] [Server thread/INFO]: Time elapsed: 2656 ms
[14:21:28] [Server thread/INFO]: Preparing start region for dimension 'world_the_end'/minecraft:the_end
[14:21:29] [Server thread/INFO]: Preparing spawn area: 0%
[14:21:29] [Server-Worker-2/INFO]: Preparing spawn area: 83%
[14:21:29] [Server-Worker-3/INFO]: Preparing spawn area: 83%
[14:21:30] [Server thread/INFO]: Time elapsed: 1462 ms
[14:21:30] [Server thread/INFO]: Server permissions file permissions.yml is empty, ignoring it
[14:21:30] [Server thread/INFO]: Done (26.128s)! For help, type "help"
