[23:52:08] [Server thread/INFO]: Starting minecraft server version 1.15.2
[23:52:08] [Server thread/INFO]: Loading properties
[23:52:08] [Server thread/INFO]: This server is running CraftBukkit version git-Spigot-ae72bf4-183139d (MC: 1.15.2) (Implementing API version 1.15.2-R0.1-SNAPSHOT)
[23:52:08] [Server thread/INFO]: Debug logging is disabled
[23:52:08] [Server thread/INFO]: Using 4 threads for Netty based IO
[23:52:08] [Server thread/INFO]: Server Ping Player Sample Count: 12
[23:52:08] [Server thread/INFO]: Default game type: SURVIVAL
[23:52:08] [Server thread/INFO]: Generating keypair
[23:52:08] [Server thread/INFO]: Starting Minecraft server on *:25565
[23:52:08] [Server thread/INFO]: Using epoll channel type
[23:52:09] [Server thread/INFO]: Preparing level "world"
[23:52:09] [Server thread/INFO]: Reloading ResourceManager: Default, bukkit
[23:52:17] [Server thread/INFO]: Loaded 6 recipes
[23:52:17] [Server thread/INFO]: -------- World Settings For [world] --------
[23:52:17] [Server thread/INFO]: Experience Merge Radius: 3.0
[23:52:17] [Server thread/INFO]: Mob Spawn Range: 6
[23:52:17] [Server thread/INFO]: Cactus Growth Modifier: 100%
[23:52:17] [Server thread/INFO]: Cane Growth Modifier: 100%
[23:52:17] [Server thread/INFO]: Melon Growth Modifier: 100%
[23:52:17] [Server thread/INFO]: Mushroom Growth Modifier: 100%
[23:52:17] [Server thread/INFO]: Pumpkin Growth Modifier: 100%
[23:52:17] [Server thread/INFO]: Sapling Growth Modifier: 100%
[23:52:17] [Server thread/INFO]: Beetroot Growth Modifier: 100%
[23:52:17] [Server thread/INFO]: Carrot Growth Modifier: 100%
[23:52:17] [Server thread/INFO]: Potato Growth Modifier: 100%
[23:52:17] [Server thread/INFO]: Wheat Growth Modifier: 100%
[23:52:17] [Server thread/INFO]: NetherWart Growth Modifier: 100%
[23:52:17] [Server thread/INFO]: Vine Growth Modifier: 100%
[23:52:17] [Server thread/INFO]: Cocoa Growth Modifier: 100%
[23:52:17] [Server thread/INFO]: Bamboo Growth Modifier: 100%
[23:52:17] [Server thread/INFO]: SweetBerry Growth Modifier: 100%
[23:52:17] [Server thread/INFO]: Kelp Growth Modifier: 100%
[23:52:17] [Server thread/INFO]: Entity Activation Range: An 32 / Mo 32 / Ra 48 / Mi 16 / Tiv true
[23:52:17] [Server thread/INFO]: Entity Tracking Range: Pl 48 / An 48 / Mo 48 / Mi 32 / Other 64
[23:52:17] [Server thread/INFO]: Hopper Transfer: 8 Hopper Check: 1 Hopper Amount: 1
[23:52:17] [Server thread/INFO]: Custom Map Seeds:  Village: 10387312 Desert: 14357617 Igloo: 14357618 Jungle: 14357619 Swamp: 14357620 Monument: 10387313 Ocean: 14357621 Shipwreck: 165745295 End City: 10387313 Slime: 987234911
[23:52:17] [Server thread/INFO]: Max TNT Explosions: 100
[23:52:17] [Server thread/INFO]: Tile Max Tick Time: 50ms Entity max Tick Time: 50ms
[23:52:17] [Server thread/INFO]: View Distance: 10
[23:52:17] [Server thread/INFO]: Allow Zombie Pigmen to spawn from portal blocks: true
[23:52:17] [Server thread/INFO]: Item Despawn Rate: 6000
[23:52:17] [Server thread/INFO]: Item Merge Radius: 2.5
[23:52:17] [Server thread/INFO]: Arrow Despawn Rate: 1200 Trident Respawn Rate:1200
[23:52:17] [Server thread/INFO]: Zombie Aggressive Towards Villager: true
[23:52:17] [Server thread/INFO]: Nerfing mobs spawned from spawners: false
[23:52:17] [Server thread/INFO]: -------- World Settings For [world_nether] --------
[23:52:17] [Server thread/INFO]: Experience Merge Radius: 3.0
[23:52:17] [Server thread/INFO]: Mob Spawn Range: 6
[23:52:17] [Server thread/INFO]: Cactus Growth Modifier: 100%
[23:52:17] [Server thread/INFO]: Cane Growth Modifier: 100%
[23:52:17] [Server thread/INFO]: Melon Growth Modifier: 100%
[23:52:17] [Server thread/INFO]: Mushroom Growth Modifier: 100%
[23:52:17] [Server thread/INFO]: Pumpkin Growth Modifier: 100%
[23:52:17] [Server thread/INFO]: Sapling Growth Modifier: 100%
[23:52:17] [Server thread/INFO]: Beetroot Growth Modifier: 100%
[23:52:17] [Server thread/INFO]: Carrot Growth Modifier: 100%
[23:52:17] [Server thread/INFO]: Potato Growth Modifier: 100%
[23:52:17] [Server thread/INFO]: Wheat Growth Modifier: 100%
[23:52:17] [Server thread/INFO]: NetherWart Growth Modifier: 100%
[23:52:17] [Server thread/INFO]: Vine Growth Modifier: 100%
[23:52:17] [Server thread/INFO]: Cocoa Growth Modifier: 100%
[23:52:17] [Server thread/INFO]: Bamboo Growth Modifier: 100%
[23:52:17] [Server thread/INFO]: SweetBerry Growth Modifier: 100%
[23:52:17] [Server thread/INFO]: Kelp Growth Modifier: 100%
[23:52:17] [Server thread/INFO]: Entity Activation Range: An 32 / Mo 32 / Ra 48 / Mi 16 / Tiv true
[23:52:17] [Server thread/INFO]: Entity Tracking Range: Pl 48 / An 48 / Mo 48 / Mi 32 / Other 64
[23:52:17] [Server thread/INFO]: Hopper Transfer: 8 Hopper Check: 1 Hopper Amount: 1
[23:52:17] [Server thread/INFO]: Custom Map Seeds:  Village: 10387312 Desert: 14357617 Igloo: 14357618 Jungle: 14357619 Swamp: 14357620 Monument: 10387313 Ocean: 14357621 Shipwreck: 165745295 End City: 10387313 Slime: 987234911
[23:52:17] [Server thread/INFO]: Max TNT Explosions: 100
[23:52:17] [Server thread/INFO]: Tile Max Tick Time: 50ms Entity max Tick Time: 50ms
[23:52:17] [Server thread/INFO]: View Distance: 10
[23:52:17] [Server thread/INFO]: Allow Zombie Pigmen to spawn from portal blocks: true
[23:52:17] [Server thread/INFO]: Item Despawn Rate: 6000
[23:52:17] [Server thread/INFO]: Item Merge Radius: 2.5
[23:52:17] [Server thread/INFO]: Arrow Despawn Rate: 1200 Trident Respawn Rate:1200
[23:52:17] [Server thread/INFO]: Zombie Aggressive Towards Villager: true
[23:52:17] [Server thread/INFO]: Nerfing mobs spawned from spawners: false
[23:52:17] [Server thread/INFO]: -------- World Settings For [world_the_end] --------
[23:52:17] [Server thread/INFO]: Experience Merge Radius: 3.0
[23:52:17] [Server thread/INFO]: Mob Spawn Range: 6
[23:52:17] [Server thread/INFO]: Cactus Growth Modifier: 100%
[23:52:17] [Server thread/INFO]: Cane Growth Modifier: 100%
[23:52:17] [Server thread/INFO]: Melon Growth Modifier: 100%
[23:52:17] [Server thread/INFO]: Mushroom Growth Modifier: 100%
[23:52:17] [Server thread/INFO]: Pumpkin Growth Modifier: 100%
[23:52:17] [Server thread/INFO]: Sapling Growth Modifier: 100%
[23:52:17] [Server thread/INFO]: Beetroot Growth Modifier: 100%
[23:52:17] [Server thread/INFO]: Carrot Growth Modifier: 100%
[23:52:17] [Server thread/INFO]: Potato Growth Modifier: 100%
[23:52:17] [Server thread/INFO]: Wheat Growth Modifier: 100%
[23:52:17] [Server thread/INFO]: NetherWart Growth Modifier: 100%
[23:52:17] [Server thread/INFO]: Vine Growth Modifier: 100%
[23:52:17] [Server thread/INFO]: Cocoa Growth Modifier: 100%
[23:52:17] [Server thread/INFO]: Bamboo Growth Modifier: 100%
[23:52:17] [Server thread/INFO]: SweetBerry Growth Modifier: 100%
[23:52:17] [Server thread/INFO]: Kelp Growth Modifier: 100%
[23:52:17] [Server thread/INFO]: Entity Activation Range: An 32 / Mo 32 / Ra 48 / Mi 16 / Tiv true
[23:52:17] [Server thread/INFO]: Entity Tracking Range: Pl 48 / An 48 / Mo 48 / Mi 32 / Other 64
[23:52:17] [Server thread/INFO]: Hopper Transfer: 8 Hopper Check: 1 Hopper Amount: 1
[23:52:17] [Server thread/INFO]: Custom Map Seeds:  Village: 10387312 Desert: 14357617 Igloo: 14357618 Jungle: 14357619 Swamp: 14357620 Monument: 10387313 Ocean: 14357621 Shipwreck: 165745295 End City: 10387313 Slime: 987234911
[23:52:17] [Server thread/INFO]: Max TNT Explosions: 100
[23:52:17] [Server thread/INFO]: Tile Max Tick Time: 50ms Entity max Tick Time: 50ms
[23:52:17] [Server thread/INFO]: View Distance: 10
[23:52:17] [Server thread/INFO]: Allow Zombie Pigmen to spawn from portal blocks: true
[23:52:17] [Server thread/INFO]: Item Despawn Rate: 6000
[23:52:17] [Server thread/INFO]: Item Merge Radius: 2.5
[23:52:17] [Server thread/INFO]: Arrow Despawn Rate: 1200 Trident Respawn Rate:1200
[23:52:17] [Server thread/INFO]: Zombie Aggressive Towards Villager: true
[23:52:17] [Server thread/INFO]: Nerfing mobs spawned from spawners: false
[23:52:17] [Server thread/INFO]: Preparing start region for dimension 'world'/minecraft:overworld
[23:52:18] [Server thread/INFO]: Preparing spawn area: 0%
[23:52:18] [Server thread/INFO]: Preparing spawn area: 0%
[23:52:18] [Server thread/INFO]: Preparing spawn area: 60%
[23:52:18] [Server thread/INFO]: Time elapsed: 1064 ms
[23:52:18] [Server thread/INFO]: Preparing start region for dimension 'world_nether'/minecraft:the_nether
[23:52:19] [Server thread/INFO]: Preparing spawn area: 0%
[23:52:19] [Server thread/INFO]: Preparing spawn area: 0%
[23:52:19] [Server thread/INFO]: Time elapsed: 614 ms
[23:52:19] [Server thread/INFO]: Preparing start region for dimension 'world_the_end'/minecraft:the_end
[23:52:19] [Server thread/INFO]: Preparing spawn area: 0%
[23:52:19] [Server-Worker-1/INFO]: Preparing spawn area: 93%
[23:52:20] [Server thread/INFO]: Time elapsed: 682 ms
[23:52:20] [Server thread/INFO]: Server permissions file permissions.yml is empty, ignoring it
[23:52:20] [Server thread/INFO]: Done (11.063s)! For help, type "help"
[23:52:30] [Server thread/INFO]: [Server] SERVER SHUTTING DOWN IN 10 SECONDS. Saving map...
[23:52:30] [Server thread/INFO]: Saving the game (this may take a moment!)
[23:52:31] [Server thread/INFO]: Saved the game
[23:52:31] [Server thread/INFO]: Stopping the server
[23:52:31] [Server thread/INFO]: Stopping server
[23:52:31] [Server thread/INFO]: Saving players
[23:52:31] [Server thread/INFO]: Saving worlds
[23:52:31] [Server thread/INFO]: Saving chunks for level 'world'/minecraft:overworld
[23:52:31] [Server thread/INFO]: ThreadedAnvilChunkStorage (world): All chunks are saved
[23:52:31] [Server thread/INFO]: Saving chunks for level 'world_nether'/minecraft:the_nether
[23:52:31] [Server thread/INFO]: ThreadedAnvilChunkStorage (DIM-1): All chunks are saved
[23:52:31] [Server thread/INFO]: Saving chunks for level 'world_the_end'/minecraft:the_end
[23:52:31] [Server thread/INFO]: ThreadedAnvilChunkStorage (DIM1): All chunks are saved
[23:52:31] [Server thread/INFO]: ThreadedAnvilChunkStorage (world): All chunks are saved
[23:52:31] [Server thread/INFO]: ThreadedAnvilChunkStorage (DIM-1): All chunks are saved
[23:52:32] [Server thread/INFO]: ThreadedAnvilChunkStorage (DIM1): All chunks are saved
